[02Apr2025 00:00:48.676] [Server thread/INFO] [net.minecraft.server.MinecraftServer/]: [issia_kzh: Set own game mode to Survival Mode]
[02Apr2025 00:00:59.581] [ForkJoinPool.commonPool-worker-6/INFO] [net.mcreator.potassiumandsulfurs.PsgMod/]: you can craft gunpowder in 2 ways 
[02Apr2025 00:00:59.581] [ForkJoinPool.commonPool-worker-6/INFO] [net.mcreator.potassiumandsulfurs.PsgMod/]:  first make saltpetre with Rotten flash, Potassium and Bone meal
[02Apr2025 00:00:59.582] [ForkJoinPool.commonPool-worker-6/INFO] [net.mcreator.potassiumandsulfurs.PsgMod/]: mix saltpetre, sulphur and coal to get a litte of gunpowder
[02Apr2025 00:00:59.582] [ForkJoinPool.commonPool-worker-6/INFO] [net.mcreator.potassiumandsulfurs.PsgMod/]: alternatively
[02Apr2025 00:00:59.582] [ForkJoinPool.commonPool-worker-6/INFO] [net.mcreator.potassiumandsulfurs.PsgMod/]: mix saltpetre, sulphur, coal and sugar to get more gunpowder 
[02Apr2025 00:00:59.582] [Server thread/INFO] [net.minecraft.server.MinecraftServer/]: [Not Secure] <JehuGamer> se pueden subir de nivel
[02Apr2025 00:01:03.588] [ForkJoinPool.commonPool-worker-6/INFO] [net.mcreator.potassiumandsulfurs.PsgMod/]: you can craft gunpowder in 2 ways 
[02Apr2025 00:01:03.588] [ForkJoinPool.commonPool-worker-6/INFO] [net.mcreator.potassiumandsulfurs.PsgMod/]:  first make saltpetre with Rotten flash, Potassium and Bone meal
[02Apr2025 00:01:03.588] [ForkJoinPool.commonPool-worker-6/INFO] [net.mcreator.potassiumandsulfurs.PsgMod/]: mix saltpetre, sulphur and coal to get a litte of gunpowder
[02Apr2025 00:01:03.588] [ForkJoinPool.commonPool-worker-6/INFO] [net.mcreator.potassiumandsulfurs.PsgMod/]: alternatively
[02Apr2025 00:01:03.588] [ForkJoinPool.commonPool-worker-6/INFO] [net.mcreator.potassiumandsulfurs.PsgMod/]: mix saltpetre, sulphur, coal and sugar to get more gunpowder 
[02Apr2025 00:01:03.589] [Server thread/INFO] [net.minecraft.server.MinecraftServer/]: [Not Secure] <JehuGamer> las armas
[02Apr2025 00:01:10.310] [ForkJoinPool.commonPool-worker-6/INFO] [net.mcreator.potassiumandsulfurs.PsgMod/]: you can craft gunpowder in 2 ways 
[02Apr2025 00:01:10.310] [ForkJoinPool.commonPool-worker-6/INFO] [net.mcreator.potassiumandsulfurs.PsgMod/]:  first make saltpetre with Rotten flash, Potassium and Bone meal
[02Apr2025 00:01:10.310] [ForkJoinPool.commonPool-worker-6/INFO] [net.mcreator.potassiumandsulfurs.PsgMod/]: mix saltpetre, sulphur and coal to get a litte of gunpowder
[02Apr2025 00:01:10.310] [ForkJoinPool.commonPool-worker-6/INFO] [net.mcreator.potassiumandsulfurs.PsgMod/]: alternatively
[02Apr2025 00:01:10.311] [ForkJoinPool.commonPool-worker-6/INFO] [net.mcreator.potassiumandsulfurs.PsgMod/]: mix saltpetre, sulphur, coal and sugar to get more gunpowder 
[02Apr2025 00:01:10.311] [Server thread/INFO] [net.minecraft.server.MinecraftServer/]: [Not Secure] <issia_kzh> siii
[02Apr2025 00:01:13.278] [ForkJoinPool.commonPool-worker-6/INFO] [net.mcreator.potassiumandsulfurs.PsgMod/]: you can craft gunpowder in 2 ways 
[02Apr2025 00:01:13.278] [ForkJoinPool.commonPool-worker-6/INFO] [net.mcreator.potassiumandsulfurs.PsgMod/]:  first make saltpetre with Rotten flash, Potassium and Bone meal
[02Apr2025 00:01:13.278] [ForkJoinPool.commonPool-worker-6/INFO] [net.mcreator.potassiumandsulfurs.PsgMod/]: mix saltpetre, sulphur and coal to get a litte of gunpowder
[02Apr2025 00:01:13.279] [ForkJoinPool.commonPool-worker-6/INFO] [net.mcreator.potassiumandsulfurs.PsgMod/]: alternatively
[02Apr2025 00:01:13.279] [ForkJoinPool.commonPool-worker-6/INFO] [net.mcreator.potassiumandsulfurs.PsgMod/]: mix saltpetre, sulphur, coal and sugar to get more gunpowder 
[02Apr2025 00:01:13.279] [Server thread/INFO] [net.minecraft.server.MinecraftServer/]: [Not Secure] <issia_kzh> tipo el cargador
[02Apr2025 00:01:19.089] [ForkJoinPool.commonPool-worker-6/INFO] [net.mcreator.potassiumandsulfurs.PsgMod/]: you can craft gunpowder in 2 ways 
[02Apr2025 00:01:19.090] [ForkJoinPool.commonPool-worker-6/INFO] [net.mcreator.potassiumandsulfurs.PsgMod/]:  first make saltpetre with Rotten flash, Potassium and Bone meal
[02Apr2025 00:01:19.090] [ForkJoinPool.commonPool-worker-6/INFO] [net.mcreator.potassiumandsulfurs.PsgMod/]: mix saltpetre, sulphur and coal to get a litte of gunpowder
[02Apr2025 00:01:19.090] [ForkJoinPool.commonPool-worker-6/INFO] [net.mcreator.potassiumandsulfurs.PsgMod/]: alternatively
[02Apr2025 00:01:19.090] [ForkJoinPool.commonPool-worker-6/INFO] [net.mcreator.potassiumandsulfurs.PsgMod/]: mix saltpetre, sulphur, coal and sugar to get more gunpowder 
[02Apr2025 00:01:19.090] [Server thread/INFO] [net.minecraft.server.MinecraftServer/]: [Not Secure] <issia_kzh> para no usar tanto espacio en le inventario
[02Apr2025 00:01:27.437] [ForkJoinPool.commonPool-worker-6/INFO] [net.mcreator.potassiumandsulfurs.PsgMod/]: you can craft gunpowder in 2 ways 
[02Apr2025 00:01:27.437] [ForkJoinPool.commonPool-worker-6/INFO] [net.mcreator.potassiumandsulfurs.PsgMod/]:  first make saltpetre with Rotten flash, Potassium and Bone meal
[02Apr2025 00:01:27.437] [ForkJoinPool.commonPool-worker-6/INFO] [net.mcreator.potassiumandsulfurs.PsgMod/]: mix saltpetre, sulphur and coal to get a litte of gunpowder
[02Apr2025 00:01:27.437] [ForkJoinPool.commonPool-worker-6/INFO] [net.mcreator.potassiumandsulfurs.PsgMod/]: alternatively
[02Apr2025 00:01:27.438] [ForkJoinPool.commonPool-worker-6/INFO] [net.mcreator.potassiumandsulfurs.PsgMod/]: mix saltpetre, sulphur, coal and sugar to get more gunpowder 
[02Apr2025 00:01:27.438] [Server thread/INFO] [net.minecraft.server.MinecraftServer/]: [Not Secure] <JehuGamer> uuu que bacan
[02Apr2025 00:02:21.626] [ForkJoinPool.commonPool-worker-6/INFO] [net.mcreator.potassiumandsulfurs.PsgMod/]: you can craft gunpowder in 2 ways 
[02Apr2025 00:02:21.626] [ForkJoinPool.commonPool-worker-6/INFO] [net.mcreator.potassiumandsulfurs.PsgMod/]:  first make saltpetre with Rotten flash, Potassium and Bone meal
[02Apr2025 00:02:21.626] [ForkJoinPool.commonPool-worker-6/INFO] [net.mcreator.potassiumandsulfurs.PsgMod/]: mix saltpetre, sulphur and coal to get a litte of gunpowder
[02Apr2025 00:02:21.626] [ForkJoinPool.commonPool-worker-6/INFO] [net.mcreator.potassiumandsulfurs.PsgMod/]: alternatively
[02Apr2025 00:02:21.626] [ForkJoinPool.commonPool-worker-6/INFO] [net.mcreator.potassiumandsulfurs.PsgMod/]: mix saltpetre, sulphur, coal and sugar to get more gunpowder 
[02Apr2025 00:02:21.627] [Server thread/INFO] [net.minecraft.server.MinecraftServer/]: [Not Secure] <issia_kzh> eeeh papu
[02Apr2025 00:02:25.098] [ForkJoinPool.commonPool-worker-6/INFO] [net.mcreator.potassiumandsulfurs.PsgMod/]: you can craft gunpowder in 2 ways 
[02Apr2025 00:02:25.099] [ForkJoinPool.commonPool-worker-6/INFO] [net.mcreator.potassiumandsulfurs.PsgMod/]:  first make saltpetre with Rotten flash, Potassium and Bone meal
[02Apr2025 00:02:25.099] [ForkJoinPool.commonPool-worker-6/INFO] [net.mcreator.potassiumandsulfurs.PsgMod/]: mix saltpetre, sulphur and coal to get a litte of gunpowder
[02Apr2025 00:02:25.099] [ForkJoinPool.commonPool-worker-6/INFO] [net.mcreator.potassiumandsulfurs.PsgMod/]: alternatively
[02Apr2025 00:02:25.099] [ForkJoinPool.commonPool-worker-6/INFO] [net.mcreator.potassiumandsulfurs.PsgMod/]: mix saltpetre, sulphur, coal and sugar to get more gunpowder 
[02Apr2025 00:02:25.099] [Server thread/INFO] [net.minecraft.server.MinecraftServer/]: [Not Secure] <issia_kzh> no tienes redstone?
[02Apr2025 00:02:29.724] [ForkJoinPool.commonPool-worker-6/INFO] [net.mcreator.potassiumandsulfurs.PsgMod/]: you can craft gunpowder in 2 ways 
[02Apr2025 00:02:29.725] [ForkJoinPool.commonPool-worker-6/INFO] [net.mcreator.potassiumandsulfurs.PsgMod/]:  first make saltpetre with Rotten flash, Potassium and Bone meal
[02Apr2025 00:02:29.725] [ForkJoinPool.commonPool-worker-6/INFO] [net.mcreator.potassiumandsulfurs.PsgMod/]: mix saltpetre, sulphur and coal to get a litte of gunpowder
[02Apr2025 00:02:29.725] [ForkJoinPool.commonPool-worker-6/INFO] [net.mcreator.potassiumandsulfurs.PsgMod/]: alternatively
[02Apr2025 00:02:29.725] [ForkJoinPool.commonPool-worker-6/INFO] [net.mcreator.potassiumandsulfurs.PsgMod/]: mix saltpetre, sulphur, coal and sugar to get more gunpowder 
[02Apr2025 00:02:29.725] [Server thread/INFO] [net.minecraft.server.MinecraftServer/]: [Not Secure] <JehuGamer> si toma
[02Apr2025 00:02:36.579] [ForkJoinPool.commonPool-worker-6/INFO] [net.mcreator.potassiumandsulfurs.PsgMod/]: you can craft gunpowder in 2 ways 
[02Apr2025 00:02:36.580] [ForkJoinPool.commonPool-worker-6/INFO] [net.mcreator.potassiumandsulfurs.PsgMod/]:  first make saltpetre with Rotten flash, Potassium and Bone meal
[02Apr2025 00:02:36.580] [ForkJoinPool.commonPool-worker-6/INFO] [net.mcreator.potassiumandsulfurs.PsgMod/]: mix saltpetre, sulphur and coal to get a litte of gunpowder
[02Apr2025 00:02:36.580] [ForkJoinPool.commonPool-worker-6/INFO] [net.mcreator.potassiumandsulfurs.PsgMod/]: alternatively
[02Apr2025 00:02:36.580] [ForkJoinPool.commonPool-worker-6/INFO] [net.mcreator.potassiumandsulfurs.PsgMod/]: mix saltpetre, sulphur, coal and sugar to get more gunpowder 
[02Apr2025 00:02:36.580] [Server thread/INFO] [net.minecraft.server.MinecraftServer/]: [Not Secure] <issia_kzh> uuu Dtp
[02Apr2025 00:02:41.583] [ForkJoinPool.commonPool-worker-6/INFO] [net.mcreator.potassiumandsulfurs.PsgMod/]: you can craft gunpowder in 2 ways 
[02Apr2025 00:02:41.583] [ForkJoinPool.commonPool-worker-6/INFO] [net.mcreator.potassiumandsulfurs.PsgMod/]:  first make saltpetre with Rotten flash, Potassium and Bone meal
[02Apr2025 00:02:41.583] [ForkJoinPool.commonPool-worker-6/INFO] [net.mcreator.potassiumandsulfurs.PsgMod/]: mix saltpetre, sulphur and coal to get a litte of gunpowder
[02Apr2025 00:02:41.583] [ForkJoinPool.commonPool-worker-6/INFO] [net.mcreator.potassiumandsulfurs.PsgMod/]: alternatively
[02Apr2025 00:02:41.583] [ForkJoinPool.commonPool-worker-6/INFO] [net.mcreator.potassiumandsulfurs.PsgMod/]: mix saltpetre, sulphur, coal and sugar to get more gunpowder 
[02Apr2025 00:02:41.583] [Server thread/INFO] [net.minecraft.server.MinecraftServer/]: [Not Secure] <JehuGamer> amen
[02Apr2025 00:03:04.376] [ForkJoinPool.commonPool-worker-6/INFO] [net.mcreator.potassiumandsulfurs.PsgMod/]: you can craft gunpowder in 2 ways 
[02Apr2025 00:03:04.377] [ForkJoinPool.commonPool-worker-6/INFO] [net.mcreator.potassiumandsulfurs.PsgMod/]:  first make saltpetre with Rotten flash, Potassium and Bone meal
[02Apr2025 00:03:04.377] [ForkJoinPool.commonPool-worker-6/INFO] [net.mcreator.potassiumandsulfurs.PsgMod/]: mix saltpetre, sulphur and coal to get a litte of gunpowder
[02Apr2025 00:03:04.377] [ForkJoinPool.commonPool-worker-6/INFO] [net.mcreator.potassiumandsulfurs.PsgMod/]: alternatively
[02Apr2025 00:03:04.377] [ForkJoinPool.commonPool-worker-6/INFO] [net.mcreator.potassiumandsulfurs.PsgMod/]: mix saltpetre, sulphur, coal and sugar to get more gunpowder 
[02Apr2025 00:03:04.377] [Server thread/INFO] [net.minecraft.server.MinecraftServer/]: [Not Secure] <issia_kzh> perdon xdd
[02Apr2025 00:03:54.981] [ForkJoinPool.commonPool-worker-6/INFO] [net.mcreator.potassiumandsulfurs.PsgMod/]: you can craft gunpowder in 2 ways 
[02Apr2025 00:03:54.981] [ForkJoinPool.commonPool-worker-6/INFO] [net.mcreator.potassiumandsulfurs.PsgMod/]:  first make saltpetre with Rotten flash, Potassium and Bone meal
[02Apr2025 00:03:54.981] [ForkJoinPool.commonPool-worker-6/INFO] [net.mcreator.potassiumandsulfurs.PsgMod/]: mix saltpetre, sulphur and coal to get a litte of gunpowder
[02Apr2025 00:03:54.981] [ForkJoinPool.commonPool-worker-6/INFO] [net.mcreator.potassiumandsulfurs.PsgMod/]: alternatively
[02Apr2025 00:03:54.981] [ForkJoinPool.commonPool-worker-6/INFO] [net.mcreator.potassiumandsulfurs.PsgMod/]: mix saltpetre, sulphur, coal and sugar to get more gunpowder 
[02Apr2025 00:03:54.982] [Server thread/INFO] [net.minecraft.server.MinecraftServer/]: [Not Secure] <JehuGamer> voy y vuelvo
[02Apr2025 00:03:58.888] [ForkJoinPool.commonPool-worker-6/INFO] [net.mcreator.potassiumandsulfurs.PsgMod/]: you can craft gunpowder in 2 ways 
[02Apr2025 00:03:58.888] [ForkJoinPool.commonPool-worker-6/INFO] [net.mcreator.potassiumandsulfurs.PsgMod/]:  first make saltpetre with Rotten flash, Potassium and Bone meal
[02Apr2025 00:03:58.888] [ForkJoinPool.commonPool-worker-6/INFO] [net.mcreator.potassiumandsulfurs.PsgMod/]: mix saltpetre, sulphur and coal to get a litte of gunpowder
[02Apr2025 00:03:58.888] [ForkJoinPool.commonPool-worker-6/INFO] [net.mcreator.potassiumandsulfurs.PsgMod/]: alternatively
[02Apr2025 00:03:58.888] [ForkJoinPool.commonPool-worker-6/INFO] [net.mcreator.potassiumandsulfurs.PsgMod/]: mix saltpetre, sulphur, coal and sugar to get more gunpowder 
[02Apr2025 00:03:58.889] [Server thread/INFO] [net.minecraft.server.MinecraftServer/]: [Not Secure] <issia_kzh> dalep
[02Apr2025 00:04:18.646] [Server thread/INFO] [net.minecraft.server.MinecraftServer/]: [issia_kzh: Set own game mode to Creative Mode]
[02Apr2025 00:04:22.746] [Server thread/INFO] [net.minecraft.server.MinecraftServer/]: [issia_kzh: Set own game mode to Survival Mode]
[02Apr2025 00:08:34.447] [Server thread/INFO] [net.minecraft.server.MinecraftServer/]: [issia_kzh: Set own game mode to Creative Mode]
[02Apr2025 00:11:21.887] [ForkJoinPool.commonPool-worker-7/INFO] [net.mcreator.potassiumandsulfurs.PsgMod/]: you can craft gunpowder in 2 ways 
[02Apr2025 00:11:21.887] [ForkJoinPool.commonPool-worker-7/INFO] [net.mcreator.potassiumandsulfurs.PsgMod/]:  first make saltpetre with Rotten flash, Potassium and Bone meal
[02Apr2025 00:11:21.887] [ForkJoinPool.commonPool-worker-7/INFO] [net.mcreator.potassiumandsulfurs.PsgMod/]: mix saltpetre, sulphur and coal to get a litte of gunpowder
[02Apr2025 00:11:21.887] [ForkJoinPool.commonPool-worker-7/INFO] [net.mcreator.potassiumandsulfurs.PsgMod/]: alternatively
[02Apr2025 00:11:21.887] [ForkJoinPool.commonPool-worker-7/INFO] [net.mcreator.potassiumandsulfurs.PsgMod/]: mix saltpetre, sulphur, coal and sugar to get more gunpowder 
[02Apr2025 00:11:21.887] [Server thread/INFO] [net.minecraft.server.MinecraftServer/]: [Not Secure] <JehuGamer> volvi
[02Apr2025 00:11:25.656] [ForkJoinPool.commonPool-worker-7/INFO] [net.mcreator.potassiumandsulfurs.PsgMod/]: you can craft gunpowder in 2 ways 
[02Apr2025 00:11:25.656] [ForkJoinPool.commonPool-worker-7/INFO] [net.mcreator.potassiumandsulfurs.PsgMod/]:  first make saltpetre with Rotten flash, Potassium and Bone meal
[02Apr2025 00:11:25.656] [ForkJoinPool.commonPool-worker-7/INFO] [net.mcreator.potassiumandsulfurs.PsgMod/]: mix saltpetre, sulphur and coal to get a litte of gunpowder
[02Apr2025 00:11:25.656] [ForkJoinPool.commonPool-worker-7/INFO] [net.mcreator.potassiumandsulfurs.PsgMod/]: alternatively
[02Apr2025 00:11:25.656] [ForkJoinPool.commonPool-worker-7/INFO] [net.mcreator.potassiumandsulfurs.PsgMod/]: mix saltpetre, sulphur, coal and sugar to get more gunpowder 
[02Apr2025 00:11:25.657] [Server thread/INFO] [net.minecraft.server.MinecraftServer/]: [Not Secure] <issia_kzh> paaa
[02Apr2025 00:11:28.124] [ForkJoinPool.commonPool-worker-7/INFO] [net.mcreator.potassiumandsulfurs.PsgMod/]: you can craft gunpowder in 2 ways 
[02Apr2025 00:11:28.124] [ForkJoinPool.commonPool-worker-7/INFO] [net.mcreator.potassiumandsulfurs.PsgMod/]:  first make saltpetre with Rotten flash, Potassium and Bone meal
[02Apr2025 00:11:28.125] [ForkJoinPool.commonPool-worker-7/INFO] [net.mcreator.potassiumandsulfurs.PsgMod/]: mix saltpetre, sulphur and coal to get a litte of gunpowder
[02Apr2025 00:11:28.125] [ForkJoinPool.commonPool-worker-7/INFO] [net.mcreator.potassiumandsulfurs.PsgMod/]: alternatively
[02Apr2025 00:11:28.125] [ForkJoinPool.commonPool-worker-7/INFO] [net.mcreator.potassiumandsulfurs.PsgMod/]: mix saltpetre, sulphur, coal and sugar to get more gunpowder 
[02Apr2025 00:11:28.125] [Server thread/INFO] [net.minecraft.server.MinecraftServer/]: [Not Secure] <issia_kzh> mira esa ardilla
[02Apr2025 00:11:42.134] [ForkJoinPool.commonPool-worker-7/INFO] [net.mcreator.potassiumandsulfurs.PsgMod/]: you can craft gunpowder in 2 ways 
[02Apr2025 00:11:42.134] [ForkJoinPool.commonPool-worker-7/INFO] [net.mcreator.potassiumandsulfurs.PsgMod/]:  first make saltpetre with Rotten flash, Potassium and Bone meal
[02Apr2025 00:11:42.134] [ForkJoinPool.commonPool-worker-7/INFO] [net.mcreator.potassiumandsulfurs.PsgMod/]: mix saltpetre, sulphur and coal to get a litte of gunpowder
[02Apr2025 00:11:42.134] [ForkJoinPool.commonPool-worker-7/INFO] [net.mcreator.potassiumandsulfurs.PsgMod/]: alternatively
[02Apr2025 00:11:42.134] [ForkJoinPool.commonPool-worker-7/INFO] [net.mcreator.potassiumandsulfurs.PsgMod/]: mix saltpetre, sulphur, coal and sugar to get more gunpowder 
[02Apr2025 00:11:42.134] [Server thread/INFO] [net.minecraft.server.MinecraftServer/]: [Not Secure] <JehuGamer> XD
[02Apr2025 00:11:58.507] [Server thread/INFO] [net.minecraft.server.MinecraftServer/]: [issia_kzh: Set own game mode to Survival Mode]
[02Apr2025 00:12:38.313] [ForkJoinPool.commonPool-worker-7/INFO] [net.mcreator.potassiumandsulfurs.PsgMod/]: you can craft gunpowder in 2 ways 
[02Apr2025 00:12:38.314] [ForkJoinPool.commonPool-worker-7/INFO] [net.mcreator.potassiumandsulfurs.PsgMod/]:  first make saltpetre with Rotten flash, Potassium and Bone meal
[02Apr2025 00:12:38.314] [ForkJoinPool.commonPool-worker-7/INFO] [net.mcreator.potassiumandsulfurs.PsgMod/]: mix saltpetre, sulphur and coal to get a litte of gunpowder
[02Apr2025 00:12:38.314] [ForkJoinPool.commonPool-worker-7/INFO] [net.mcreator.potassiumandsulfurs.PsgMod/]: alternatively
[02Apr2025 00:12:38.314] [ForkJoinPool.commonPool-worker-7/INFO] [net.mcreator.potassiumandsulfurs.PsgMod/]: mix saltpetre, sulphur, coal and sugar to get more gunpowder 
[02Apr2025 00:12:38.327] [Server thread/INFO] [net.minecraft.server.MinecraftServer/]: [Not Secure] <issia_kzh> amigo se escapo
[02Apr2025 00:12:39.824] [ForkJoinPool.commonPool-worker-7/INFO] [net.mcreator.potassiumandsulfurs.PsgMod/]: you can craft gunpowder in 2 ways 
[02Apr2025 00:12:39.825] [ForkJoinPool.commonPool-worker-7/INFO] [net.mcreator.potassiumandsulfurs.PsgMod/]:  first make saltpetre with Rotten flash, Potassium and Bone meal
[02Apr2025 00:12:39.825] [ForkJoinPool.commonPool-worker-7/INFO] [net.mcreator.potassiumandsulfurs.PsgMod/]: mix saltpetre, sulphur and coal to get a litte of gunpowder
[02Apr2025 00:12:39.825] [ForkJoinPool.commonPool-worker-7/INFO] [net.mcreator.potassiumandsulfurs.PsgMod/]: alternatively
[02Apr2025 00:12:39.825] [ForkJoinPool.commonPool-worker-7/INFO] [net.mcreator.potassiumandsulfurs.PsgMod/]: mix saltpetre, sulphur, coal and sugar to get more gunpowder 
[02Apr2025 00:12:39.825] [Server thread/INFO] [net.minecraft.server.MinecraftServer/]: [Not Secure] <issia_kzh> XD
[02Apr2025 00:12:42.558] [ForkJoinPool.commonPool-worker-7/INFO] [net.mcreator.potassiumandsulfurs.PsgMod/]: you can craft gunpowder in 2 ways 
[02Apr2025 00:12:42.558] [ForkJoinPool.commonPool-worker-7/INFO] [net.mcreator.potassiumandsulfurs.PsgMod/]:  first make saltpetre with Rotten flash, Potassium and Bone meal
[02Apr2025 00:12:42.558] [ForkJoinPool.commonPool-worker-7/INFO] [net.mcreator.potassiumandsulfurs.PsgMod/]: mix saltpetre, sulphur and coal to get a litte of gunpowder
[02Apr2025 00:12:42.558] [ForkJoinPool.commonPool-worker-7/INFO] [net.mcreator.potassiumandsulfurs.PsgMod/]: alternatively
[02Apr2025 00:12:42.558] [ForkJoinPool.commonPool-worker-7/INFO] [net.mcreator.potassiumandsulfurs.PsgMod/]: mix saltpetre, sulphur, coal and sugar to get more gunpowder 
[02Apr2025 00:12:42.559] [Server thread/INFO] [net.minecraft.server.MinecraftServer/]: [Not Secure] <JehuGamer> jsjsjjs
[02Apr2025 00:12:59.876] [ForkJoinPool.commonPool-worker-7/INFO] [net.mcreator.potassiumandsulfurs.PsgMod/]: you can craft gunpowder in 2 ways 
[02Apr2025 00:12:59.876] [ForkJoinPool.commonPool-worker-7/INFO] [net.mcreator.potassiumandsulfurs.PsgMod/]:  first make saltpetre with Rotten flash, Potassium and Bone meal
[02Apr2025 00:12:59.876] [ForkJoinPool.commonPool-worker-7/INFO] [net.mcreator.potassiumandsulfurs.PsgMod/]: mix saltpetre, sulphur and coal to get a litte of gunpowder
[02Apr2025 00:12:59.876] [ForkJoinPool.commonPool-worker-7/INFO] [net.mcreator.potassiumandsulfurs.PsgMod/]: alternatively
[02Apr2025 00:12:59.876] [ForkJoinPool.commonPool-worker-7/INFO] [net.mcreator.potassiumandsulfurs.PsgMod/]: mix saltpetre, sulphur, coal and sugar to get more gunpowder 
[02Apr2025 00:12:59.877] [Server thread/INFO] [net.minecraft.server.MinecraftServer/]: [Not Secure] <issia_kzh> mmm
[02Apr2025 00:13:07.176] [ForkJoinPool.commonPool-worker-7/INFO] [net.mcreator.potassiumandsulfurs.PsgMod/]: you can craft gunpowder in 2 ways 
[02Apr2025 00:13:07.176] [ForkJoinPool.commonPool-worker-7/INFO] [net.mcreator.potassiumandsulfurs.PsgMod/]:  first make saltpetre with Rotten flash, Potassium and Bone meal
[02Apr2025 00:13:07.176] [ForkJoinPool.commonPool-worker-7/INFO] [net.mcreator.potassiumandsulfurs.PsgMod/]: mix saltpetre, sulphur and coal to get a litte of gunpowder
[02Apr2025 00:13:07.176] [ForkJoinPool.commonPool-worker-7/INFO] [net.mcreator.potassiumandsulfurs.PsgMod/]: alternatively
[02Apr2025 00:13:07.177] [ForkJoinPool.commonPool-worker-7/INFO] [net.mcreator.potassiumandsulfurs.PsgMod/]: mix saltpetre, sulphur, coal and sugar to get more gunpowder 
[02Apr2025 00:13:07.177] [Server thread/INFO] [net.minecraft.server.MinecraftServer/]: [Not Secure] <issia_kzh> donde lo dejamos aksdaks
[02Apr2025 00:13:14.239] [ForkJoinPool.commonPool-worker-7/INFO] [net.mcreator.potassiumandsulfurs.PsgMod/]: you can craft gunpowder in 2 ways 
[02Apr2025 00:13:14.239] [ForkJoinPool.commonPool-worker-7/INFO] [net.mcreator.potassiumandsulfurs.PsgMod/]:  first make saltpetre with Rotten flash, Potassium and Bone meal
[02Apr2025 00:13:14.239] [ForkJoinPool.commonPool-worker-7/INFO] [net.mcreator.potassiumandsulfurs.PsgMod/]: mix saltpetre, sulphur and coal to get a litte of gunpowder
[02Apr2025 00:13:14.239] [ForkJoinPool.commonPool-worker-7/INFO] [net.mcreator.potassiumandsulfurs.PsgMod/]: alternatively
[02Apr2025 00:13:14.240] [ForkJoinPool.commonPool-worker-7/INFO] [net.mcreator.potassiumandsulfurs.PsgMod/]: mix saltpetre, sulphur, coal and sugar to get more gunpowder 
[02Apr2025 00:13:14.240] [Server thread/INFO] [net.minecraft.server.MinecraftServer/]: [Not Secure] <issia_kzh> mira esto papu
[02Apr2025 00:13:31.381] [ForkJoinPool.commonPool-worker-7/INFO] [net.mcreator.potassiumandsulfurs.PsgMod/]: you can craft gunpowder in 2 ways 
[02Apr2025 00:13:31.382] [ForkJoinPool.commonPool-worker-7/INFO] [net.mcreator.potassiumandsulfurs.PsgMod/]:  first make saltpetre with Rotten flash, Potassium and Bone meal
[02Apr2025 00:13:31.382] [ForkJoinPool.commonPool-worker-7/INFO] [net.mcreator.potassiumandsulfurs.PsgMod/]: mix saltpetre, sulphur and coal to get a litte of gunpowder
[02Apr2025 00:13:31.382] [ForkJoinPool.commonPool-worker-7/INFO] [net.mcreator.potassiumandsulfurs.PsgMod/]: alternatively
[02Apr2025 00:13:31.382] [ForkJoinPool.commonPool-worker-7/INFO] [net.mcreator.potassiumandsulfurs.PsgMod/]: mix saltpetre, sulphur, coal and sugar to get more gunpowder 
[02Apr2025 00:13:31.382] [Server thread/INFO] [net.minecraft.server.MinecraftServer/]: [Not Secure] <JehuGamer> ufffff
[02Apr2025 00:13:33.809] [ForkJoinPool.commonPool-worker-7/INFO] [net.mcreator.potassiumandsulfurs.PsgMod/]: you can craft gunpowder in 2 ways 
[02Apr2025 00:13:33.809] [ForkJoinPool.commonPool-worker-7/INFO] [net.mcreator.potassiumandsulfurs.PsgMod/]:  first make saltpetre with Rotten flash, Potassium and Bone meal
[02Apr2025 00:13:33.810] [ForkJoinPool.commonPool-worker-7/INFO] [net.mcreator.potassiumandsulfurs.PsgMod/]: mix saltpetre, sulphur and coal to get a litte of gunpowder
[02Apr2025 00:13:33.810] [ForkJoinPool.commonPool-worker-7/INFO] [net.mcreator.potassiumandsulfurs.PsgMod/]: alternatively
[02Apr2025 00:13:33.810] [ForkJoinPool.commonPool-worker-7/INFO] [net.mcreator.potassiumandsulfurs.PsgMod/]: mix saltpetre, sulphur, coal and sugar to get more gunpowder 
[02Apr2025 00:13:33.810] [Server thread/INFO] [net.minecraft.server.MinecraftServer/]: [Not Secure] <issia_kzh> jsdjasjda
[02Apr2025 00:13:57.704] [ForkJoinPool.commonPool-worker-7/INFO] [net.mcreator.potassiumandsulfurs.PsgMod/]: you can craft gunpowder in 2 ways 
[02Apr2025 00:13:57.704] [ForkJoinPool.commonPool-worker-7/INFO] [net.mcreator.potassiumandsulfurs.PsgMod/]:  first make saltpetre with Rotten flash, Potassium and Bone meal
[02Apr2025 00:13:57.704] [ForkJoinPool.commonPool-worker-7/INFO] [net.mcreator.potassiumandsulfurs.PsgMod/]: mix saltpetre, sulphur and coal to get a litte of gunpowder
[02Apr2025 00:13:57.705] [ForkJoinPool.commonPool-worker-7/INFO] [net.mcreator.potassiumandsulfurs.PsgMod/]: alternatively
[02Apr2025 00:13:57.705] [ForkJoinPool.commonPool-worker-7/INFO] [net.mcreator.potassiumandsulfurs.PsgMod/]: mix saltpetre, sulphur, coal and sugar to get more gunpowder 
[02Apr2025 00:13:57.705] [Server thread/INFO] [net.minecraft.server.MinecraftServer/]: [Not Secure] <JehuGamer> 4 totugaaas
[02Apr2025 00:14:13.279] [ForkJoinPool.commonPool-worker-7/INFO] [net.mcreator.potassiumandsulfurs.PsgMod/]: you can craft gunpowder in 2 ways 
[02Apr2025 00:14:13.279] [ForkJoinPool.commonPool-worker-7/INFO] [net.mcreator.potassiumandsulfurs.PsgMod/]:  first make saltpetre with Rotten flash, Potassium and Bone meal
[02Apr2025 00:14:13.279] [ForkJoinPool.commonPool-worker-7/INFO] [net.mcreator.potassiumandsulfurs.PsgMod/]: mix saltpetre, sulphur and coal to get a litte of gunpowder
[02Apr2025 00:14:13.280] [ForkJoinPool.commonPool-worker-7/INFO] [net.mcreator.potassiumandsulfurs.PsgMod/]: alternatively
[02Apr2025 00:14:13.280] [ForkJoinPool.commonPool-worker-7/INFO] [net.mcreator.potassiumandsulfurs.PsgMod/]: mix saltpetre, sulphur, coal and sugar to get more gunpowder 
[02Apr2025 00:14:13.280] [Server thread/INFO] [net.minecraft.server.MinecraftServer/]: [Not Secure] <JehuGamer> no esta tugaaaaaaaaaaaaaaaaa
[02Apr2025 00:14:16.746] [ForkJoinPool.commonPool-worker-7/INFO] [net.mcreator.potassiumandsulfurs.PsgMod/]: you can craft gunpowder in 2 ways 
[02Apr2025 00:14:16.747] [ForkJoinPool.commonPool-worker-7/INFO] [net.mcreator.potassiumandsulfurs.PsgMod/]:  first make saltpetre with Rotten flash, Potassium and Bone meal
[02Apr2025 00:14:16.747] [ForkJoinPool.commonPool-worker-7/INFO] [net.mcreator.potassiumandsulfurs.PsgMod/]: mix saltpetre, sulphur and coal to get a litte of gunpowder
[02Apr2025 00:14:16.747] [ForkJoinPool.commonPool-worker-7/INFO] [net.mcreator.potassiumandsulfurs.PsgMod/]: alternatively
[02Apr2025 00:14:16.747] [ForkJoinPool.commonPool-worker-7/INFO] [net.mcreator.potassiumandsulfurs.PsgMod/]: mix saltpetre, sulphur, coal and sugar to get more gunpowder 
[02Apr2025 00:14:16.747] [Server thread/INFO] [net.minecraft.server.MinecraftServer/]: [Not Secure] <issia_kzh> xddd hay que ponerles nombres para k no desaparezcan
[02Apr2025 00:15:36.881] [Server thread/INFO] [net.minecraft.server.MinecraftServer/]: [issia_kzh: Set the weather to clear]
[02Apr2025 00:16:59.228] [ForkJoinPool.commonPool-worker-8/INFO] [net.mcreator.potassiumandsulfurs.PsgMod/]: you can craft gunpowder in 2 ways 
[02Apr2025 00:16:59.228] [ForkJoinPool.commonPool-worker-8/INFO] [net.mcreator.potassiumandsulfurs.PsgMod/]:  first make saltpetre with Rotten flash, Potassium and Bone meal
[02Apr2025 00:16:59.228] [ForkJoinPool.commonPool-worker-8/INFO] [net.mcreator.potassiumandsulfurs.PsgMod/]: mix saltpetre, sulphur and coal to get a litte of gunpowder
[02Apr2025 00:16:59.228] [ForkJoinPool.commonPool-worker-8/INFO] [net.mcreator.potassiumandsulfurs.PsgMod/]: alternatively
[02Apr2025 00:16:59.228] [ForkJoinPool.commonPool-worker-8/INFO] [net.mcreator.potassiumandsulfurs.PsgMod/]: mix saltpetre, sulphur, coal and sugar to get more gunpowder 
[02Apr2025 00:16:59.228] [Server thread/INFO] [net.minecraft.server.MinecraftServer/]: [Not Secure] <issia_kzh> papu
[02Apr2025 00:17:02.828] [ForkJoinPool.commonPool-worker-8/INFO] [net.mcreator.potassiumandsulfurs.PsgMod/]: you can craft gunpowder in 2 ways 
[02Apr2025 00:17:02.828] [ForkJoinPool.commonPool-worker-8/INFO] [net.mcreator.potassiumandsulfurs.PsgMod/]:  first make saltpetre with Rotten flash, Potassium and Bone meal
[02Apr2025 00:17:02.828] [ForkJoinPool.commonPool-worker-8/INFO] [net.mcreator.potassiumandsulfurs.PsgMod/]: mix saltpetre, sulphur and coal to get a litte of gunpowder
[02Apr2025 00:17:02.829] [ForkJoinPool.commonPool-worker-8/INFO] [net.mcreator.potassiumandsulfurs.PsgMod/]: alternatively
[02Apr2025 00:17:02.829] [ForkJoinPool.commonPool-worker-8/INFO] [net.mcreator.potassiumandsulfurs.PsgMod/]: mix saltpetre, sulphur, coal and sugar to get more gunpowder 
[02Apr2025 00:17:02.829] [Server thread/INFO] [net.minecraft.server.MinecraftServer/]: [Not Secure] <issia_kzh> donde te fuiste
[02Apr2025 00:17:07.659] [ForkJoinPool.commonPool-worker-8/INFO] [net.mcreator.potassiumandsulfurs.PsgMod/]: you can craft gunpowder in 2 ways 
[02Apr2025 00:17:07.659] [ForkJoinPool.commonPool-worker-8/INFO] [net.mcreator.potassiumandsulfurs.PsgMod/]:  first make saltpetre with Rotten flash, Potassium and Bone meal
[02Apr2025 00:17:07.659] [ForkJoinPool.commonPool-worker-8/INFO] [net.mcreator.potassiumandsulfurs.PsgMod/]: mix saltpetre, sulphur and coal to get a litte of gunpowder
[02Apr2025 00:17:07.659] [ForkJoinPool.commonPool-worker-8/INFO] [net.mcreator.potassiumandsulfurs.PsgMod/]: alternatively
[02Apr2025 00:17:07.659] [ForkJoinPool.commonPool-worker-8/INFO] [net.mcreator.potassiumandsulfurs.PsgMod/]: mix saltpetre, sulphur, coal and sugar to get more gunpowder 
[02Apr2025 00:17:07.659] [Server thread/INFO] [net.minecraft.server.MinecraftServer/]: [Not Secure] <JehuGamer> nose xd
[02Apr2025 00:17:12.781] [ForkJoinPool.commonPool-worker-8/INFO] [net.mcreator.potassiumandsulfurs.PsgMod/]: you can craft gunpowder in 2 ways 
[02Apr2025 00:17:12.782] [ForkJoinPool.commonPool-worker-8/INFO] [net.mcreator.potassiumandsulfurs.PsgMod/]:  first make saltpetre with Rotten flash, Potassium and Bone meal
[02Apr2025 00:17:12.782] [ForkJoinPool.commonPool-worker-8/INFO] [net.mcreator.potassiumandsulfurs.PsgMod/]: mix saltpetre, sulphur and coal to get a litte of gunpowder
[02Apr2025 00:17:12.782] [ForkJoinPool.commonPool-worker-8/INFO] [net.mcreator.potassiumandsulfurs.PsgMod/]: alternatively
[02Apr2025 00:17:12.782] [ForkJoinPool.commonPool-worker-8/INFO] [net.mcreator.potassiumandsulfurs.PsgMod/]: mix saltpetre, sulphur, coal and sugar to get more gunpowder 
[02Apr2025 00:17:12.782] [Server thread/INFO] [net.minecraft.server.MinecraftServer/]: [Not Secure] <JehuGamer> pero se voler
[02Apr2025 00:17:17.538] [ForkJoinPool.commonPool-worker-8/INFO] [net.mcreator.potassiumandsulfurs.PsgMod/]: you can craft gunpowder in 2 ways 
[02Apr2025 00:17:17.539] [ForkJoinPool.commonPool-worker-8/INFO] [net.mcreator.potassiumandsulfurs.PsgMod/]:  first make saltpetre with Rotten flash, Potassium and Bone meal
[02Apr2025 00:17:17.539] [ForkJoinPool.commonPool-worker-8/INFO] [net.mcreator.potassiumandsulfurs.PsgMod/]: mix saltpetre, sulphur and coal to get a litte of gunpowder
[02Apr2025 00:17:17.539] [ForkJoinPool.commonPool-worker-8/INFO] [net.mcreator.potassiumandsulfurs.PsgMod/]: alternatively
[02Apr2025 00:17:17.539] [ForkJoinPool.commonPool-worker-8/INFO] [net.mcreator.potassiumandsulfurs.PsgMod/]: mix saltpetre, sulphur, coal and sugar to get more gunpowder 
[02Apr2025 00:17:17.539] [Server thread/INFO] [net.minecraft.server.MinecraftServer/]: [Not Secure] <JehuGamer> vlver
[02Apr2025 00:17:20.754] [ForkJoinPool.commonPool-worker-8/INFO] [net.mcreator.potassiumandsulfurs.PsgMod/]: you can craft gunpowder in 2 ways 
[02Apr2025 00:17:20.755] [ForkJoinPool.commonPool-worker-8/INFO] [net.mcreator.potassiumandsulfurs.PsgMod/]:  first make saltpetre with Rotten flash, Potassium and Bone meal
[02Apr2025 00:17:20.755] [ForkJoinPool.commonPool-worker-8/INFO] [net.mcreator.potassiumandsulfurs.PsgMod/]: mix saltpetre, sulphur and coal to get a litte of gunpowder
[02Apr2025 00:17:20.755] [ForkJoinPool.commonPool-worker-8/INFO] [net.mcreator.potassiumandsulfurs.PsgMod/]: alternatively
[02Apr2025 00:17:20.755] [ForkJoinPool.commonPool-worker-8/INFO] [net.mcreator.potassiumandsulfurs.PsgMod/]: mix saltpetre, sulphur, coal and sugar to get more gunpowder 
[02Apr2025 00:17:20.755] [Server thread/INFO] [net.minecraft.server.MinecraftServer/]: [Not Secure] <JehuGamer> volver
[02Apr2025 00:17:22.506] [ForkJoinPool.commonPool-worker-8/INFO] [net.mcreator.potassiumandsulfurs.PsgMod/]: you can craft gunpowder in 2 ways 
[02Apr2025 00:17:22.506] [ForkJoinPool.commonPool-worker-8/INFO] [net.mcreator.potassiumandsulfurs.PsgMod/]:  first make saltpetre with Rotten flash, Potassium and Bone meal
[02Apr2025 00:17:22.506] [ForkJoinPool.commonPool-worker-8/INFO] [net.mcreator.potassiumandsulfurs.PsgMod/]: mix saltpetre, sulphur and coal to get a litte of gunpowder
[02Apr2025 00:17:22.506] [ForkJoinPool.commonPool-worker-8/INFO] [net.mcreator.potassiumandsulfurs.PsgMod/]: alternatively
[02Apr2025 00:17:22.506] [ForkJoinPool.commonPool-worker-8/INFO] [net.mcreator.potassiumandsulfurs.PsgMod/]: mix saltpetre, sulphur, coal and sugar to get more gunpowder 
[02Apr2025 00:17:22.506] [Server thread/INFO] [net.minecraft.server.MinecraftServer/]: [Not Secure] <JehuGamer> xd
[02Apr2025 00:17:24.279] [ForkJoinPool.commonPool-worker-8/INFO] [net.mcreator.potassiumandsulfurs.PsgMod/]: you can craft gunpowder in 2 ways 
[02Apr2025 00:17:24.280] [ForkJoinPool.commonPool-worker-8/INFO] [net.mcreator.potassiumandsulfurs.PsgMod/]:  first make saltpetre with Rotten flash, Potassium and Bone meal
[02Apr2025 00:17:24.280] [ForkJoinPool.commonPool-worker-8/INFO] [net.mcreator.potassiumandsulfurs.PsgMod/]: mix saltpetre, sulphur and coal to get a litte of gunpowder
[02Apr2025 00:17:24.280] [ForkJoinPool.commonPool-worker-8/INFO] [net.mcreator.potassiumandsulfurs.PsgMod/]: alternatively
[02Apr2025 00:17:24.280] [ForkJoinPool.commonPool-worker-8/INFO] [net.mcreator.potassiumandsulfurs.PsgMod/]: mix saltpetre, sulphur, coal and sugar to get more gunpowder 
[02Apr2025 00:17:24.281] [Server thread/INFO] [net.minecraft.server.MinecraftServer/]: [Not Secure] <issia_kzh> xd
[02Apr2025 00:17:38.220] [Server thread/WARN] [net.minecraft.world.level.entity.PersistentEntitySectionManager/]: UUID of added entity already exists: FallingBlockEntity['Falling Hanging Coconut'/9380, l='ServerLevel[world]', x=1474.50, y=72.00, z=-186.50]
[02Apr2025 00:17:48.629] [ForkJoinPool.commonPool-worker-8/INFO] [net.mcreator.potassiumandsulfurs.PsgMod/]: you can craft gunpowder in 2 ways 
[02Apr2025 00:17:48.629] [ForkJoinPool.commonPool-worker-8/INFO] [net.mcreator.potassiumandsulfurs.PsgMod/]:  first make saltpetre with Rotten flash, Potassium and Bone meal
[02Apr2025 00:17:48.629] [ForkJoinPool.commonPool-worker-8/INFO] [net.mcreator.potassiumandsulfurs.PsgMod/]: mix saltpetre, sulphur and coal to get a litte of gunpowder
[02Apr2025 00:17:48.629] [ForkJoinPool.commonPool-worker-8/INFO] [net.mcreator.potassiumandsulfurs.PsgMod/]: alternatively
[02Apr2025 00:17:48.629] [ForkJoinPool.commonPool-worker-8/INFO] [net.mcreator.potassiumandsulfurs.PsgMod/]: mix saltpetre, sulphur, coal and sugar to get more gunpowder 
[02Apr2025 00:17:48.629] [Server thread/INFO] [net.minecraft.server.MinecraftServer/]: [Not Secure] <issia_kzh> jasdjajsd
[02Apr2025 00:17:51.229] [ForkJoinPool.commonPool-worker-8/INFO] [net.mcreator.potassiumandsulfurs.PsgMod/]: you can craft gunpowder in 2 ways 
[02Apr2025 00:17:51.230] [ForkJoinPool.commonPool-worker-8/INFO] [net.mcreator.potassiumandsulfurs.PsgMod/]:  first make saltpetre with Rotten flash, Potassium and Bone meal
[02Apr2025 00:17:51.230] [ForkJoinPool.commonPool-worker-8/INFO] [net.mcreator.potassiumandsulfurs.PsgMod/]: mix saltpetre, sulphur and coal to get a litte of gunpowder
[02Apr2025 00:17:51.230] [ForkJoinPool.commonPool-worker-8/INFO] [net.mcreator.potassiumandsulfurs.PsgMod/]: alternatively
[02Apr2025 00:17:51.230] [ForkJoinPool.commonPool-worker-8/INFO] [net.mcreator.potassiumandsulfurs.PsgMod/]: mix saltpetre, sulphur, coal and sugar to get more gunpowder 
[02Apr2025 00:17:51.230] [Server thread/INFO] [net.minecraft.server.MinecraftServer/]: [Not Secure] <JehuGamer> jsjsjsj
[02Apr2025 00:17:59.203] [ForkJoinPool.commonPool-worker-8/INFO] [net.mcreator.potassiumandsulfurs.PsgMod/]: you can craft gunpowder in 2 ways 
[02Apr2025 00:17:59.203] [ForkJoinPool.commonPool-worker-8/INFO] [net.mcreator.potassiumandsulfurs.PsgMod/]:  first make saltpetre with Rotten flash, Potassium and Bone meal
[02Apr2025 00:17:59.204] [ForkJoinPool.commonPool-worker-8/INFO] [net.mcreator.potassiumandsulfurs.PsgMod/]: mix saltpetre, sulphur and coal to get a litte of gunpowder
[02Apr2025 00:17:59.204] [ForkJoinPool.commonPool-worker-8/INFO] [net.mcreator.potassiumandsulfurs.PsgMod/]: alternatively
[02Apr2025 00:17:59.204] [ForkJoinPool.commonPool-worker-8/INFO] [net.mcreator.potassiumandsulfurs.PsgMod/]: mix saltpetre, sulphur, coal and sugar to get more gunpowder 
[02Apr2025 00:17:59.204] [Server thread/INFO] [net.minecraft.server.MinecraftServer/]: [Not Secure] <JehuGamer> tengo 3 mochilas
[02Apr2025 00:18:05.486] [ForkJoinPool.commonPool-worker-8/INFO] [net.mcreator.potassiumandsulfurs.PsgMod/]: you can craft gunpowder in 2 ways 
[02Apr2025 00:18:05.487] [ForkJoinPool.commonPool-worker-8/INFO] [net.mcreator.potassiumandsulfurs.PsgMod/]:  first make saltpetre with Rotten flash, Potassium and Bone meal
[02Apr2025 00:18:05.487] [ForkJoinPool.commonPool-worker-8/INFO] [net.mcreator.potassiumandsulfurs.PsgMod/]: mix saltpetre, sulphur and coal to get a litte of gunpowder
[02Apr2025 00:18:05.487] [ForkJoinPool.commonPool-worker-8/INFO] [net.mcreator.potassiumandsulfurs.PsgMod/]: alternatively
[02Apr2025 00:18:05.487] [ForkJoinPool.commonPool-worker-8/INFO] [net.mcreator.potassiumandsulfurs.PsgMod/]: mix saltpetre, sulphur, coal and sugar to get more gunpowder 
[02Apr2025 00:18:05.487] [Server thread/INFO] [net.minecraft.server.MinecraftServer/]: [Not Secure] <JehuGamer> no me percate
[02Apr2025 00:18:06.836] [ForkJoinPool.commonPool-worker-8/INFO] [net.mcreator.potassiumandsulfurs.PsgMod/]: you can craft gunpowder in 2 ways 
[02Apr2025 00:18:06.837] [ForkJoinPool.commonPool-worker-8/INFO] [net.mcreator.potassiumandsulfurs.PsgMod/]:  first make saltpetre with Rotten flash, Potassium and Bone meal
[02Apr2025 00:18:06.837] [ForkJoinPool.commonPool-worker-8/INFO] [net.mcreator.potassiumandsulfurs.PsgMod/]: mix saltpetre, sulphur and coal to get a litte of gunpowder
[02Apr2025 00:18:06.837] [ForkJoinPool.commonPool-worker-8/INFO] [net.mcreator.potassiumandsulfurs.PsgMod/]: alternatively
[02Apr2025 00:18:06.837] [ForkJoinPool.commonPool-worker-8/INFO] [net.mcreator.potassiumandsulfurs.PsgMod/]: mix saltpetre, sulphur, coal and sugar to get more gunpowder 
[02Apr2025 00:18:06.837] [Server thread/INFO] [net.minecraft.server.MinecraftServer/]: [Not Secure] <JehuGamer> xd
[02Apr2025 00:18:09.281] [ForkJoinPool.commonPool-worker-8/INFO] [net.mcreator.potassiumandsulfurs.PsgMod/]: you can craft gunpowder in 2 ways 
[02Apr2025 00:18:09.281] [ForkJoinPool.commonPool-worker-8/INFO] [net.mcreator.potassiumandsulfurs.PsgMod/]:  first make saltpetre with Rotten flash, Potassium and Bone meal
[02Apr2025 00:18:09.281] [ForkJoinPool.commonPool-worker-8/INFO] [net.mcreator.potassiumandsulfurs.PsgMod/]: mix saltpetre, sulphur and coal to get a litte of gunpowder
[02Apr2025 00:18:09.281] [ForkJoinPool.commonPool-worker-8/INFO] [net.mcreator.potassiumandsulfurs.PsgMod/]: alternatively
[02Apr2025 00:18:09.281] [ForkJoinPool.commonPool-worker-8/INFO] [net.mcreator.potassiumandsulfurs.PsgMod/]: mix saltpetre, sulphur, coal and sugar to get more gunpowder 
[02Apr2025 00:18:09.281] [Server thread/INFO] [net.minecraft.server.MinecraftServer/]: [Not Secure] <issia_kzh> boeee
[02Apr2025 00:19:55.023] [Server thread/WARN] [net.minecraft.world.level.entity.PersistentEntitySectionManager/]: UUID of added entity already exists: FallingBlockEntity['Falling Hanging Coconut'/10867, l='ServerLevel[world]', x=1295.50, y=70.00, z=-268.50]
[02Apr2025 00:20:32.623] [Server thread/WARN] [net.minecraft.world.level.entity.PersistentEntitySectionManager/]: UUID of added entity already exists: FallingBlockEntity['Falling Hanging Coconut'/11326, l='ServerLevel[world]', x=1331.50, y=77.00, z=-251.50]
[02Apr2025 00:20:36.374] [Server thread/WARN] [net.minecraft.world.level.entity.PersistentEntitySectionManager/]: UUID of added entity already exists: FallingBlockEntity['Falling Hanging Coconut'/11375, l='ServerLevel[world]', x=1360.50, y=76.00, z=-438.50]
[02Apr2025 00:20:38.721] [Server thread/WARN] [net.minecraft.world.level.entity.PersistentEntitySectionManager/]: UUID of added entity already exists: FallingBlockEntity['Falling Hanging Coconut'/11386, l='ServerLevel[world]', x=1343.50, y=74.00, z=-467.50]
[02Apr2025 00:20:38.831] [Server thread/INFO] [net.minecraft.server.MinecraftServer/]: [issia_kzh: Set own game mode to Creative Mode]
[02Apr2025 00:21:00.925] [Server thread/WARN] [net.minecraft.world.level.entity.PersistentEntitySectionManager/]: UUID of added entity already exists: FallingBlockEntity['Falling Hanging Coconut'/11601, l='ServerLevel[world]', x=1336.50, y=70.00, z=-486.50]
[02Apr2025 00:21:38.083] [Server thread/INFO] [net.minecraft.server.MinecraftServer/]: issia_kzh has completed the challenge [Centennial]
[02Apr2025 00:22:28.823] [Server thread/WARN] [net.minecraft.world.level.entity.PersistentEntitySectionManager/]: UUID of added entity already exists: FallingBlockEntity['Falling Hanging Coconut'/12263, l='ServerLevel[world]', x=1316.50, y=71.00, z=-286.50]
[02Apr2025 00:24:46.191] [Server thread/INFO] [net.minecraft.server.MinecraftServer/]: [issia_kzh: The difficulty has been set to Easy]
[02Apr2025 00:24:52.503] [Server thread/INFO] [net.minecraft.server.MinecraftServer/]: [issia_kzh: The difficulty has been set to Peaceful]
[02Apr2025 00:25:05.477] [Server thread/WARN] [net.minecraft.world.level.entity.PersistentEntitySectionManager/]: UUID of added entity already exists: FallingBlockEntity['Falling Hanging Coconut'/13892, l='ServerLevel[world]', x=1357.50, y=69.00, z=-507.50]
[02Apr2025 00:25:10.646] [Server thread/WARN] [net.minecraft.world.level.entity.PersistentEntitySectionManager/]: UUID of added entity already exists: FallingBlockEntity['Falling Hanging Coconut'/14124, l='ServerLevel[world]', x=1426.50, y=73.00, z=-552.50]
[02Apr2025 00:26:35.313] [Server thread/INFO] [net.minecraft.server.MinecraftServer/]: [issia_kzh: Set the weather to clear]
[02Apr2025 00:26:48.966] [Worker-Main-47/ERROR] [net.minecraft.world.entity.decoration.HangingEntity/]: Hanging entity at invalid position: BlockPos{x=-459, y=59, z=-24}
[02Apr2025 00:26:48.967] [Worker-Main-47/ERROR] [net.minecraft.world.entity.decoration.HangingEntity/]: Hanging entity at invalid position: BlockPos{x=-459, y=59, z=-20}
[02Apr2025 00:26:57.060] [Worker-Main-10/ERROR] [net.minecraft.world.entity.decoration.HangingEntity/]: Hanging entity at invalid position: BlockPos{x=-455, y=59, z=-24}
[02Apr2025 00:26:57.060] [Worker-Main-10/ERROR] [net.minecraft.world.entity.decoration.HangingEntity/]: Hanging entity at invalid position: BlockPos{x=-457, y=59, z=-24}
[02Apr2025 00:26:57.061] [Worker-Main-10/ERROR] [net.minecraft.world.entity.decoration.HangingEntity/]: Hanging entity at invalid position: BlockPos{x=-457, y=59, z=-20}
[02Apr2025 00:27:35.448] [ForkJoinPool.commonPool-worker-9/INFO] [net.mcreator.potassiumandsulfurs.PsgMod/]: you can craft gunpowder in 2 ways 
[02Apr2025 00:27:35.448] [ForkJoinPool.commonPool-worker-9/INFO] [net.mcreator.potassiumandsulfurs.PsgMod/]:  first make saltpetre with Rotten flash, Potassium and Bone meal
[02Apr2025 00:27:35.448] [ForkJoinPool.commonPool-worker-9/INFO] [net.mcreator.potassiumandsulfurs.PsgMod/]: mix saltpetre, sulphur and coal to get a litte of gunpowder
[02Apr2025 00:27:35.448] [ForkJoinPool.commonPool-worker-9/INFO] [net.mcreator.potassiumandsulfurs.PsgMod/]: alternatively
[02Apr2025 00:27:35.448] [ForkJoinPool.commonPool-worker-9/INFO] [net.mcreator.potassiumandsulfurs.PsgMod/]: mix saltpetre, sulphur, coal and sugar to get more gunpowder 
[02Apr2025 00:27:35.449] [Server thread/INFO] [net.minecraft.server.MinecraftServer/]: [Not Secure] <issia_kzh> papu
[02Apr2025 00:27:39.040] [ForkJoinPool.commonPool-worker-9/INFO] [net.mcreator.potassiumandsulfurs.PsgMod/]: you can craft gunpowder in 2 ways 
[02Apr2025 00:27:39.040] [ForkJoinPool.commonPool-worker-9/INFO] [net.mcreator.potassiumandsulfurs.PsgMod/]:  first make saltpetre with Rotten flash, Potassium and Bone meal
[02Apr2025 00:27:39.040] [ForkJoinPool.commonPool-worker-9/INFO] [net.mcreator.potassiumandsulfurs.PsgMod/]: mix saltpetre, sulphur and coal to get a litte of gunpowder
[02Apr2025 00:27:39.040] [ForkJoinPool.commonPool-worker-9/INFO] [net.mcreator.potassiumandsulfurs.PsgMod/]: alternatively
[02Apr2025 00:27:39.041] [ForkJoinPool.commonPool-worker-9/INFO] [net.mcreator.potassiumandsulfurs.PsgMod/]: mix saltpetre, sulphur, coal and sugar to get more gunpowder 
[02Apr2025 00:27:39.041] [Server thread/INFO] [net.minecraft.server.MinecraftServer/]: [Not Secure] <JehuGamer> si
[02Apr2025 00:27:42.876] [ForkJoinPool.commonPool-worker-9/INFO] [net.mcreator.potassiumandsulfurs.PsgMod/]: you can craft gunpowder in 2 ways 
[02Apr2025 00:27:42.876] [ForkJoinPool.commonPool-worker-9/INFO] [net.mcreator.potassiumandsulfurs.PsgMod/]:  first make saltpetre with Rotten flash, Potassium and Bone meal
[02Apr2025 00:27:42.877] [ForkJoinPool.commonPool-worker-9/INFO] [net.mcreator.potassiumandsulfurs.PsgMod/]: mix saltpetre, sulphur and coal to get a litte of gunpowder
[02Apr2025 00:27:42.877] [ForkJoinPool.commonPool-worker-9/INFO] [net.mcreator.potassiumandsulfurs.PsgMod/]: alternatively
[02Apr2025 00:27:42.877] [ForkJoinPool.commonPool-worker-9/INFO] [net.mcreator.potassiumandsulfurs.PsgMod/]: mix saltpetre, sulphur, coal and sugar to get more gunpowder 
[02Apr2025 00:27:42.898] [Server thread/INFO] [net.minecraft.server.MinecraftServer/]: [Not Secure] <issia_kzh> podriamos ir a pelear contra un jefe
[02Apr2025 00:27:54.092] [ForkJoinPool.commonPool-worker-9/INFO] [net.mcreator.potassiumandsulfurs.PsgMod/]: you can craft gunpowder in 2 ways 
[02Apr2025 00:27:54.092] [ForkJoinPool.commonPool-worker-9/INFO] [net.mcreator.potassiumandsulfurs.PsgMod/]:  first make saltpetre with Rotten flash, Potassium and Bone meal
[02Apr2025 00:27:54.092] [ForkJoinPool.commonPool-worker-9/INFO] [net.mcreator.potassiumandsulfurs.PsgMod/]: mix saltpetre, sulphur and coal to get a litte of gunpowder
[02Apr2025 00:27:54.092] [ForkJoinPool.commonPool-worker-9/INFO] [net.mcreator.potassiumandsulfurs.PsgMod/]: alternatively
[02Apr2025 00:27:54.093] [ForkJoinPool.commonPool-worker-9/INFO] [net.mcreator.potassiumandsulfurs.PsgMod/]: mix saltpetre, sulphur, coal and sugar to get more gunpowder 
[02Apr2025 00:27:54.094] [Server thread/INFO] [net.minecraft.server.MinecraftServer/]: [Not Secure] <JehuGamer> uuu
[02Apr2025 00:28:38.728] [Server thread/WARN] [net.minecraft.server.network.ServerGamePacketListenerImpl/]: issia_kzh moved too quickly! -7.993057810091386,0.0,6.236211551694225
[02Apr2025 00:28:40.882] [Server thread/WARN] [net.minecraft.server.network.ServerGamePacketListenerImpl/]: issia_kzh moved too quickly! -9.557108615210154,0.0,4.68690142847953
[02Apr2025 00:28:43.433] [Server thread/WARN] [net.minecraft.server.network.ServerGamePacketListenerImpl/]: issia_kzh moved too quickly! -7.4728899383280805,0.0,7.4860301408058945
[02Apr2025 00:31:08.003] [Server thread/INFO] [net.minecraft.server.commands.LocateCommand/]: Locating element mowziesmobs:umvuthana_grove took 1608 ms
[02Apr2025 00:32:42.497] [Server thread/INFO] [net.minecraft.server.MinecraftServer/]: [issia_kzh: Teleported issia_kzh to -671.500000, 100.000000, 1648.500000]
[02Apr2025 00:32:42.497] [Server thread/WARN] [net.minecraft.server.MinecraftServer/]: Can't keep up! Is the server overloaded? Running 4932ms or 98 ticks behind
[02Apr2025 00:32:42.528] [Server thread/WARN] [net.minecraft.server.network.ServerGamePacketListenerImpl/]: issia_kzh moved too quickly! -0.8681194003298742,-10.806526110008988,0.20598901247853973
[02Apr2025 00:33:08.686] [Server thread/INFO] [net.minecraft.server.MinecraftServer/]: [issia_kzh: Set the time to 13000]
[02Apr2025 00:34:03.940] [ForkJoinPool.commonPool-worker-10/INFO] [net.mcreator.potassiumandsulfurs.PsgMod/]: you can craft gunpowder in 2 ways 
[02Apr2025 00:34:03.940] [ForkJoinPool.commonPool-worker-10/INFO] [net.mcreator.potassiumandsulfurs.PsgMod/]:  first make saltpetre with Rotten flash, Potassium and Bone meal
[02Apr2025 00:34:03.940] [ForkJoinPool.commonPool-worker-10/INFO] [net.mcreator.potassiumandsulfurs.PsgMod/]: mix saltpetre, sulphur and coal to get a litte of gunpowder
[02Apr2025 00:34:03.940] [ForkJoinPool.commonPool-worker-10/INFO] [net.mcreator.potassiumandsulfurs.PsgMod/]: alternatively
[02Apr2025 00:34:03.940] [ForkJoinPool.commonPool-worker-10/INFO] [net.mcreator.potassiumandsulfurs.PsgMod/]: mix saltpetre, sulphur, coal and sugar to get more gunpowder 
[02Apr2025 00:34:03.941] [Server thread/INFO] [net.minecraft.server.MinecraftServer/]: [Not Secure] <issia_kzh> te tepeo?
[02Apr2025 00:34:23.151] [ForkJoinPool.commonPool-worker-10/INFO] [net.mcreator.potassiumandsulfurs.PsgMod/]: you can craft gunpowder in 2 ways 
[02Apr2025 00:34:23.152] [ForkJoinPool.commonPool-worker-10/INFO] [net.mcreator.potassiumandsulfurs.PsgMod/]:  first make saltpetre with Rotten flash, Potassium and Bone meal
[02Apr2025 00:34:23.152] [ForkJoinPool.commonPool-worker-10/INFO] [net.mcreator.potassiumandsulfurs.PsgMod/]: mix saltpetre, sulphur and coal to get a litte of gunpowder
[02Apr2025 00:34:23.152] [ForkJoinPool.commonPool-worker-10/INFO] [net.mcreator.potassiumandsulfurs.PsgMod/]: alternatively
[02Apr2025 00:34:23.152] [ForkJoinPool.commonPool-worker-10/INFO] [net.mcreator.potassiumandsulfurs.PsgMod/]: mix saltpetre, sulphur, coal and sugar to get more gunpowder 
[02Apr2025 00:34:23.152] [Server thread/INFO] [net.minecraft.server.MinecraftServer/]: [Not Secure] <JehuGamer> primero voy a mejorar la mochila
[02Apr2025 00:34:27.940] [ForkJoinPool.commonPool-worker-10/INFO] [net.mcreator.potassiumandsulfurs.PsgMod/]: you can craft gunpowder in 2 ways 
[02Apr2025 00:34:27.941] [ForkJoinPool.commonPool-worker-10/INFO] [net.mcreator.potassiumandsulfurs.PsgMod/]:  first make saltpetre with Rotten flash, Potassium and Bone meal
[02Apr2025 00:34:27.941] [ForkJoinPool.commonPool-worker-10/INFO] [net.mcreator.potassiumandsulfurs.PsgMod/]: mix saltpetre, sulphur and coal to get a litte of gunpowder
[02Apr2025 00:34:27.941] [ForkJoinPool.commonPool-worker-10/INFO] [net.mcreator.potassiumandsulfurs.PsgMod/]: alternatively
[02Apr2025 00:34:27.941] [ForkJoinPool.commonPool-worker-10/INFO] [net.mcreator.potassiumandsulfurs.PsgMod/]: mix saltpetre, sulphur, coal and sugar to get more gunpowder 
[02Apr2025 00:34:27.941] [Server thread/INFO] [net.minecraft.server.MinecraftServer/]: [Not Secure] <issia_kzh> avisame
[02Apr2025 00:34:35.552] [ForkJoinPool.commonPool-worker-10/INFO] [net.mcreator.potassiumandsulfurs.PsgMod/]: you can craft gunpowder in 2 ways 
[02Apr2025 00:34:35.552] [ForkJoinPool.commonPool-worker-10/INFO] [net.mcreator.potassiumandsulfurs.PsgMod/]:  first make saltpetre with Rotten flash, Potassium and Bone meal
[02Apr2025 00:34:35.552] [ForkJoinPool.commonPool-worker-10/INFO] [net.mcreator.potassiumandsulfurs.PsgMod/]: mix saltpetre, sulphur and coal to get a litte of gunpowder
[02Apr2025 00:34:35.552] [ForkJoinPool.commonPool-worker-10/INFO] [net.mcreator.potassiumandsulfurs.PsgMod/]: alternatively
[02Apr2025 00:34:35.552] [ForkJoinPool.commonPool-worker-10/INFO] [net.mcreator.potassiumandsulfurs.PsgMod/]: mix saltpetre, sulphur, coal and sugar to get more gunpowder 
[02Apr2025 00:34:35.553] [Server thread/INFO] [net.minecraft.server.MinecraftServer/]: [Not Secure] <JehuGamer> ok
[02Apr2025 00:36:04.432] [Server thread/INFO] [net.minecraft.server.MinecraftServer/]: [issia_kzh: Set own game mode to Survival Mode]
[02Apr2025 00:36:47.784] [ForkJoinPool.commonPool-worker-11/INFO] [net.mcreator.potassiumandsulfurs.PsgMod/]: you can craft gunpowder in 2 ways 
[02Apr2025 00:36:47.784] [ForkJoinPool.commonPool-worker-11/INFO] [net.mcreator.potassiumandsulfurs.PsgMod/]:  first make saltpetre with Rotten flash, Potassium and Bone meal
[02Apr2025 00:36:47.784] [ForkJoinPool.commonPool-worker-11/INFO] [net.mcreator.potassiumandsulfurs.PsgMod/]: mix saltpetre, sulphur and coal to get a litte of gunpowder
[02Apr2025 00:36:47.785] [ForkJoinPool.commonPool-worker-11/INFO] [net.mcreator.potassiumandsulfurs.PsgMod/]: alternatively
[02Apr2025 00:36:47.785] [ForkJoinPool.commonPool-worker-11/INFO] [net.mcreator.potassiumandsulfurs.PsgMod/]: mix saltpetre, sulphur, coal and sugar to get more gunpowder 
[02Apr2025 00:36:47.785] [Server thread/INFO] [net.minecraft.server.MinecraftServer/]: [Not Secure] <issia_kzh> bro ahora?
[02Apr2025 00:37:04.332] [ForkJoinPool.commonPool-worker-11/INFO] [net.mcreator.potassiumandsulfurs.PsgMod/]: you can craft gunpowder in 2 ways 
[02Apr2025 00:37:04.332] [ForkJoinPool.commonPool-worker-11/INFO] [net.mcreator.potassiumandsulfurs.PsgMod/]:  first make saltpetre with Rotten flash, Potassium and Bone meal
[02Apr2025 00:37:04.333] [ForkJoinPool.commonPool-worker-11/INFO] [net.mcreator.potassiumandsulfurs.PsgMod/]: mix saltpetre, sulphur and coal to get a litte of gunpowder
[02Apr2025 00:37:04.333] [ForkJoinPool.commonPool-worker-11/INFO] [net.mcreator.potassiumandsulfurs.PsgMod/]: alternatively
[02Apr2025 00:37:04.333] [ForkJoinPool.commonPool-worker-11/INFO] [net.mcreator.potassiumandsulfurs.PsgMod/]: mix saltpetre, sulphur, coal and sugar to get more gunpowder 
[02Apr2025 00:37:04.333] [Server thread/INFO] [net.minecraft.server.MinecraftServer/]: [Not Secure] <JehuGamer> ok
[02Apr2025 00:37:19.531] [Server thread/INFO] [net.minecraft.server.MinecraftServer/]: [issia_kzh: Set own game mode to Creative Mode]
[02Apr2025 00:37:42.313] [ForkJoinPool.commonPool-worker-11/INFO] [net.mcreator.potassiumandsulfurs.PsgMod/]: you can craft gunpowder in 2 ways 
[02Apr2025 00:37:42.313] [ForkJoinPool.commonPool-worker-11/INFO] [net.mcreator.potassiumandsulfurs.PsgMod/]:  first make saltpetre with Rotten flash, Potassium and Bone meal
[02Apr2025 00:37:42.313] [ForkJoinPool.commonPool-worker-11/INFO] [net.mcreator.potassiumandsulfurs.PsgMod/]: mix saltpetre, sulphur and coal to get a litte of gunpowder
[02Apr2025 00:37:42.313] [ForkJoinPool.commonPool-worker-11/INFO] [net.mcreator.potassiumandsulfurs.PsgMod/]: alternatively
[02Apr2025 00:37:42.313] [ForkJoinPool.commonPool-worker-11/INFO] [net.mcreator.potassiumandsulfurs.PsgMod/]: mix saltpetre, sulphur, coal and sugar to get more gunpowder 
[02Apr2025 00:37:42.313] [Server thread/INFO] [net.minecraft.server.MinecraftServer/]: [Not Secure] <JehuGamer> tpeame cuando puedas
[02Apr2025 00:38:06.753] [Server thread/INFO] [net.minecraft.server.MinecraftServer/]: [issia_kzh: Set own game mode to Survival Mode]
[02Apr2025 00:38:08.803] [Server thread/INFO] [net.minecraft.server.MinecraftServer/]: [issia_kzh: Teleported JehuGamer to issia_kzh]
[02Apr2025 00:38:21.974] [ForkJoinPool.commonPool-worker-11/INFO] [net.mcreator.potassiumandsulfurs.PsgMod/]: you can craft gunpowder in 2 ways 
[02Apr2025 00:38:21.974] [ForkJoinPool.commonPool-worker-11/INFO] [net.mcreator.potassiumandsulfurs.PsgMod/]:  first make saltpetre with Rotten flash, Potassium and Bone meal
[02Apr2025 00:38:21.974] [ForkJoinPool.commonPool-worker-11/INFO] [net.mcreator.potassiumandsulfurs.PsgMod/]: mix saltpetre, sulphur and coal to get a litte of gunpowder
[02Apr2025 00:38:21.975] [ForkJoinPool.commonPool-worker-11/INFO] [net.mcreator.potassiumandsulfurs.PsgMod/]: alternatively
[02Apr2025 00:38:21.975] [ForkJoinPool.commonPool-worker-11/INFO] [net.mcreator.potassiumandsulfurs.PsgMod/]: mix saltpetre, sulphur, coal and sugar to get more gunpowder 
[02Apr2025 00:38:21.975] [Server thread/INFO] [net.minecraft.server.MinecraftServer/]: [Not Secure] <issia_kzh> tienes ?
[02Apr2025 00:38:24.173] [ForkJoinPool.commonPool-worker-11/INFO] [net.mcreator.potassiumandsulfurs.PsgMod/]: you can craft gunpowder in 2 ways 
[02Apr2025 00:38:24.173] [ForkJoinPool.commonPool-worker-11/INFO] [net.mcreator.potassiumandsulfurs.PsgMod/]:  first make saltpetre with Rotten flash, Potassium and Bone meal
[02Apr2025 00:38:24.174] [ForkJoinPool.commonPool-worker-11/INFO] [net.mcreator.potassiumandsulfurs.PsgMod/]: mix saltpetre, sulphur and coal to get a litte of gunpowder
[02Apr2025 00:38:24.174] [ForkJoinPool.commonPool-worker-11/INFO] [net.mcreator.potassiumandsulfurs.PsgMod/]: alternatively
[02Apr2025 00:38:24.174] [ForkJoinPool.commonPool-worker-11/INFO] [net.mcreator.potassiumandsulfurs.PsgMod/]: mix saltpetre, sulphur, coal and sugar to get more gunpowder 
[02Apr2025 00:38:24.174] [Server thread/INFO] [net.minecraft.server.MinecraftServer/]: [Not Secure] <JehuGamer> si
[02Apr2025 00:38:28.523] [ForkJoinPool.commonPool-worker-11/INFO] [net.mcreator.potassiumandsulfurs.PsgMod/]: you can craft gunpowder in 2 ways 
[02Apr2025 00:38:28.523] [ForkJoinPool.commonPool-worker-11/INFO] [net.mcreator.potassiumandsulfurs.PsgMod/]:  first make saltpetre with Rotten flash, Potassium and Bone meal
[02Apr2025 00:38:28.523] [ForkJoinPool.commonPool-worker-11/INFO] [net.mcreator.potassiumandsulfurs.PsgMod/]: mix saltpetre, sulphur and coal to get a litte of gunpowder
[02Apr2025 00:38:28.523] [ForkJoinPool.commonPool-worker-11/INFO] [net.mcreator.potassiumandsulfurs.PsgMod/]: alternatively
[02Apr2025 00:38:28.524] [ForkJoinPool.commonPool-worker-11/INFO] [net.mcreator.potassiumandsulfurs.PsgMod/]: mix saltpetre, sulphur, coal and sugar to get more gunpowder 
[02Apr2025 00:38:28.524] [Server thread/INFO] [net.minecraft.server.MinecraftServer/]: [Not Secure] <issia_kzh> alla abajo
[02Apr2025 00:38:30.623] [ForkJoinPool.commonPool-worker-11/INFO] [net.mcreator.potassiumandsulfurs.PsgMod/]: you can craft gunpowder in 2 ways 
[02Apr2025 00:38:30.623] [ForkJoinPool.commonPool-worker-11/INFO] [net.mcreator.potassiumandsulfurs.PsgMod/]:  first make saltpetre with Rotten flash, Potassium and Bone meal
[02Apr2025 00:38:30.623] [ForkJoinPool.commonPool-worker-11/INFO] [net.mcreator.potassiumandsulfurs.PsgMod/]: mix saltpetre, sulphur and coal to get a litte of gunpowder
[02Apr2025 00:38:30.623] [ForkJoinPool.commonPool-worker-11/INFO] [net.mcreator.potassiumandsulfurs.PsgMod/]: alternatively
[02Apr2025 00:38:30.623] [ForkJoinPool.commonPool-worker-11/INFO] [net.mcreator.potassiumandsulfurs.PsgMod/]: mix saltpetre, sulphur, coal and sugar to get more gunpowder 
[02Apr2025 00:38:30.623] [Server thread/INFO] [net.minecraft.server.MinecraftServer/]: [Not Secure] <issia_kzh> ten cuidado
[02Apr2025 00:38:37.674] [ForkJoinPool.commonPool-worker-11/INFO] [net.mcreator.potassiumandsulfurs.PsgMod/]: you can craft gunpowder in 2 ways 
[02Apr2025 00:38:37.675] [ForkJoinPool.commonPool-worker-11/INFO] [net.mcreator.potassiumandsulfurs.PsgMod/]:  first make saltpetre with Rotten flash, Potassium and Bone meal
[02Apr2025 00:38:37.675] [ForkJoinPool.commonPool-worker-11/INFO] [net.mcreator.potassiumandsulfurs.PsgMod/]: mix saltpetre, sulphur and coal to get a litte of gunpowder
[02Apr2025 00:38:37.675] [ForkJoinPool.commonPool-worker-11/INFO] [net.mcreator.potassiumandsulfurs.PsgMod/]: alternatively
[02Apr2025 00:38:37.675] [ForkJoinPool.commonPool-worker-11/INFO] [net.mcreator.potassiumandsulfurs.PsgMod/]: mix saltpetre, sulphur, coal and sugar to get more gunpowder 
[02Apr2025 00:38:37.675] [Server thread/INFO] [net.minecraft.server.MinecraftServer/]: [Not Secure] <JehuGamer> okey
[02Apr2025 00:38:38.931] [Server thread/INFO] [net.minecraft.server.MinecraftServer/]: [issia_kzh: The difficulty has been set to Easy]
[02Apr2025 00:38:48.832] [ForkJoinPool.commonPool-worker-11/INFO] [net.mcreator.potassiumandsulfurs.PsgMod/]: you can craft gunpowder in 2 ways 
[02Apr2025 00:38:48.833] [ForkJoinPool.commonPool-worker-11/INFO] [net.mcreator.potassiumandsulfurs.PsgMod/]:  first make saltpetre with Rotten flash, Potassium and Bone meal
[02Apr2025 00:38:48.833] [ForkJoinPool.commonPool-worker-11/INFO] [net.mcreator.potassiumandsulfurs.PsgMod/]: mix saltpetre, sulphur and coal to get a litte of gunpowder
[02Apr2025 00:38:48.833] [ForkJoinPool.commonPool-worker-11/INFO] [net.mcreator.potassiumandsulfurs.PsgMod/]: alternatively
[02Apr2025 00:38:48.833] [ForkJoinPool.commonPool-worker-11/INFO] [net.mcreator.potassiumandsulfurs.PsgMod/]: mix saltpetre, sulphur, coal and sugar to get more gunpowder 
[02Apr2025 00:38:48.833] [Server thread/INFO] [net.minecraft.server.MinecraftServer/]: [Not Secure] <issia_kzh> uuuu se re lageo
[02Apr2025 00:38:50.683] [ForkJoinPool.commonPool-worker-11/INFO] [net.mcreator.potassiumandsulfurs.PsgMod/]: you can craft gunpowder in 2 ways 
[02Apr2025 00:38:50.684] [ForkJoinPool.commonPool-worker-11/INFO] [net.mcreator.potassiumandsulfurs.PsgMod/]:  first make saltpetre with Rotten flash, Potassium and Bone meal
[02Apr2025 00:38:50.684] [ForkJoinPool.commonPool-worker-11/INFO] [net.mcreator.potassiumandsulfurs.PsgMod/]: mix saltpetre, sulphur and coal to get a litte of gunpowder
[02Apr2025 00:38:50.684] [ForkJoinPool.commonPool-worker-11/INFO] [net.mcreator.potassiumandsulfurs.PsgMod/]: alternatively
[02Apr2025 00:38:50.685] [ForkJoinPool.commonPool-worker-11/INFO] [net.mcreator.potassiumandsulfurs.PsgMod/]: mix saltpetre, sulphur, coal and sugar to get more gunpowder 
[02Apr2025 00:38:50.685] [Server thread/INFO] [net.minecraft.server.MinecraftServer/]: [Not Secure] <issia_kzh> jsdjasdja
[02Apr2025 00:38:52.828] [ForkJoinPool.commonPool-worker-11/INFO] [net.mcreator.potassiumandsulfurs.PsgMod/]: you can craft gunpowder in 2 ways 
[02Apr2025 00:38:52.828] [ForkJoinPool.commonPool-worker-11/INFO] [net.mcreator.potassiumandsulfurs.PsgMod/]:  first make saltpetre with Rotten flash, Potassium and Bone meal
[02Apr2025 00:38:52.828] [ForkJoinPool.commonPool-worker-11/INFO] [net.mcreator.potassiumandsulfurs.PsgMod/]: mix saltpetre, sulphur and coal to get a litte of gunpowder
[02Apr2025 00:38:52.828] [ForkJoinPool.commonPool-worker-11/INFO] [net.mcreator.potassiumandsulfurs.PsgMod/]: alternatively
[02Apr2025 00:38:52.829] [ForkJoinPool.commonPool-worker-11/INFO] [net.mcreator.potassiumandsulfurs.PsgMod/]: mix saltpetre, sulphur, coal and sugar to get more gunpowder 
[02Apr2025 00:38:52.829] [Server thread/INFO] [net.minecraft.server.MinecraftServer/]: [Not Secure] <JehuGamer> sisi
[02Apr2025 00:39:00.235] [ForkJoinPool.commonPool-worker-11/INFO] [net.mcreator.potassiumandsulfurs.PsgMod/]: you can craft gunpowder in 2 ways 
[02Apr2025 00:39:00.236] [ForkJoinPool.commonPool-worker-11/INFO] [net.mcreator.potassiumandsulfurs.PsgMod/]:  first make saltpetre with Rotten flash, Potassium and Bone meal
[02Apr2025 00:39:00.236] [ForkJoinPool.commonPool-worker-11/INFO] [net.mcreator.potassiumandsulfurs.PsgMod/]: mix saltpetre, sulphur and coal to get a litte of gunpowder
[02Apr2025 00:39:00.236] [ForkJoinPool.commonPool-worker-11/INFO] [net.mcreator.potassiumandsulfurs.PsgMod/]: alternatively
[02Apr2025 00:39:00.236] [ForkJoinPool.commonPool-worker-11/INFO] [net.mcreator.potassiumandsulfurs.PsgMod/]: mix saltpetre, sulphur, coal and sugar to get more gunpowder 
[02Apr2025 00:39:00.236] [Server thread/INFO] [net.minecraft.server.MinecraftServer/]: [Not Secure] <issia_kzh> pasa k se esta acostumbrando
[02Apr2025 00:39:25.784] [ForkJoinPool.commonPool-worker-11/INFO] [net.mcreator.potassiumandsulfurs.PsgMod/]: you can craft gunpowder in 2 ways 
[02Apr2025 00:39:25.784] [ForkJoinPool.commonPool-worker-11/INFO] [net.mcreator.potassiumandsulfurs.PsgMod/]:  first make saltpetre with Rotten flash, Potassium and Bone meal
[02Apr2025 00:39:25.785] [ForkJoinPool.commonPool-worker-11/INFO] [net.mcreator.potassiumandsulfurs.PsgMod/]: mix saltpetre, sulphur and coal to get a litte of gunpowder
[02Apr2025 00:39:25.785] [ForkJoinPool.commonPool-worker-11/INFO] [net.mcreator.potassiumandsulfurs.PsgMod/]: alternatively
[02Apr2025 00:39:25.785] [ForkJoinPool.commonPool-worker-11/INFO] [net.mcreator.potassiumandsulfurs.PsgMod/]: mix saltpetre, sulphur, coal and sugar to get more gunpowder 
[02Apr2025 00:39:25.785] [Server thread/INFO] [net.minecraft.server.MinecraftServer/]: [Not Secure] <issia_kzh> perdon amigooo
[02Apr2025 00:39:55.631] [ForkJoinPool.commonPool-worker-11/INFO] [net.mcreator.potassiumandsulfurs.PsgMod/]: you can craft gunpowder in 2 ways 
[02Apr2025 00:39:55.631] [ForkJoinPool.commonPool-worker-11/INFO] [net.mcreator.potassiumandsulfurs.PsgMod/]:  first make saltpetre with Rotten flash, Potassium and Bone meal
[02Apr2025 00:39:55.631] [ForkJoinPool.commonPool-worker-11/INFO] [net.mcreator.potassiumandsulfurs.PsgMod/]: mix saltpetre, sulphur and coal to get a litte of gunpowder
[02Apr2025 00:39:55.631] [ForkJoinPool.commonPool-worker-11/INFO] [net.mcreator.potassiumandsulfurs.PsgMod/]: alternatively
[02Apr2025 00:39:55.631] [ForkJoinPool.commonPool-worker-11/INFO] [net.mcreator.potassiumandsulfurs.PsgMod/]: mix saltpetre, sulphur, coal and sugar to get more gunpowder 
[02Apr2025 00:39:55.632] [Server thread/INFO] [net.minecraft.server.MinecraftServer/]: [Not Secure] <issia_kzh> vamos avanzando
